2023-06-06 14:43:17,403 INFO o.a.j.u.JMeterUtils: Setting Locale to en_EN
2023-06-06 14:43:17,429 INFO o.a.j.JMeter: Loading user properties from: C:\Myfiles\apache-jmeter-5.4.1\bin\user.properties
2023-06-06 14:43:17,443 INFO o.a.j.JMeter: Loading system properties from: C:\Myfiles\apache-jmeter-5.4.1\bin\system.properties
2023-06-06 14:43:17,454 INFO o.a.j.JMeter: Copyright (c) 1998-2021 The Apache Software Foundation
2023-06-06 14:43:17,454 INFO o.a.j.JMeter: Version 5.4.1
2023-06-06 14:43:17,454 INFO o.a.j.JMeter: java.version=1.8.0_202
2023-06-06 14:43:17,454 INFO o.a.j.JMeter: java.vm.name=Java HotSpot(TM) 64-Bit Server VM
2023-06-06 14:43:17,455 INFO o.a.j.JMeter: os.name=Windows 10
2023-06-06 14:43:17,455 INFO o.a.j.JMeter: os.arch=amd64
2023-06-06 14:43:17,455 INFO o.a.j.JMeter: os.version=10.0
2023-06-06 14:43:17,455 INFO o.a.j.JMeter: file.encoding=Cp1252
2023-06-06 14:43:17,455 INFO o.a.j.JMeter: java.awt.headless=null
2023-06-06 14:43:17,455 INFO o.a.j.JMeter: Max memory     =1073741824
2023-06-06 14:43:17,455 INFO o.a.j.JMeter: Available Processors =8
2023-06-06 14:43:17,460 INFO o.a.j.JMeter: Default Locale=English (EN)
2023-06-06 14:43:17,460 INFO o.a.j.JMeter: JMeter  Locale=English (EN)
2023-06-06 14:43:17,460 INFO o.a.j.JMeter: JMeterHome=C:\Myfiles\apache-jmeter-5.4.1
2023-06-06 14:43:17,460 INFO o.a.j.JMeter: user.dir  =C:\Myfiles\Visual_Testing
2023-06-06 14:43:17,460 INFO o.a.j.JMeter: PWD       =C:\Myfiles\Visual_Testing
2023-06-06 14:43:17,584 INFO o.a.j.JMeter: IP: 192.168.10.122 Name: DESKTOP-HSU1THO FullName: 192.168.10.122
2023-06-06 14:43:17,772 INFO o.a.j.JMeter: Setting LAF to: com.github.weisj.darklaf.DarkLaf:com.github.weisj.darklaf.theme.OneDarkTheme
2023-06-06 14:43:18,274 INFO o.a.j.JMeter: Loaded icon properties from org/apache/jmeter/images/icon.properties
2023-06-06 14:43:20,579 INFO o.j.r.JARSourceHTTP: Requesting https://jmeter-plugins.org/repo/?installID=windows_10-7714a6c34c0e9951224a4642ffb947f1-gui
2023-06-06 14:43:21,437 INFO k.a.j.JMeterPluginsUtils: JMeter-Plugins.org v.1.4.0
2023-06-06 14:43:21,740 WARN o.a.j.g.u.MenuFactory: Could not instantiate class: kg.apc.jmeter.reporters.LoadosophiaUploaderGui
java.lang.reflect.InvocationTargetException: null
	at sun.reflect.NativeConstructorAccessorImpl.newInstance0(Native Method) ~[?:1.8.0_202]
	at sun.reflect.NativeConstructorAccessorImpl.newInstance(Unknown Source) ~[?:1.8.0_202]
	at sun.reflect.DelegatingConstructorAccessorImpl.newInstance(Unknown Source) ~[?:1.8.0_202]
	at java.lang.reflect.Constructor.newInstance(Unknown Source) ~[?:1.8.0_202]
	at org.apache.jmeter.gui.util.MenuFactory.getGUIComponent(MenuFactory.java:207) ~[ApacheJMeter_core.jar:5.4.1]
	at org.apache.jmeter.gui.util.MenuFactory.initializeMenus(MenuFactory.java:151) ~[ApacheJMeter_core.jar:5.4.1]
	at org.apache.jmeter.gui.util.MenuFactory.<clinit>(MenuFactory.java:107) ~[ApacheJMeter_core.jar:5.4.1]
	at org.apache.jmeter.control.gui.TestPlanGui.createPopupMenu(TestPlanGui.java:94) ~[ApacheJMeter_core.jar:5.4.1]
	at org.apache.jmeter.gui.tree.JMeterTreeNode.createPopupMenu(JMeterTreeNode.java:184) ~[ApacheJMeter_core.jar:5.4.1]
	at org.apache.jmeter.gui.action.EditCommand.doAction(EditCommand.java:46) ~[ApacheJMeter_core.jar:5.4.1]
	at org.apache.jmeter.gui.action.ActionRouter.performAction(ActionRouter.java:87) ~[ApacheJMeter_core.jar:5.4.1]
	at org.apache.jmeter.gui.action.ActionRouter.lambda$actionPerformed$0(ActionRouter.java:69) ~[ApacheJMeter_core.jar:5.4.1]
	at java.awt.event.InvocationEvent.dispatch(Unknown Source) ~[?:1.8.0_202]
	at java.awt.EventQueue.dispatchEventImpl(Unknown Source) ~[?:1.8.0_202]
	at java.awt.EventQueue.access$500(Unknown Source) ~[?:1.8.0_202]
	at java.awt.EventQueue$3.run(Unknown Source) ~[?:1.8.0_202]
	at java.awt.EventQueue$3.run(Unknown Source) ~[?:1.8.0_202]
	at java.security.AccessController.doPrivileged(Native Method) ~[?:1.8.0_202]
	at java.security.ProtectionDomain$JavaSecurityAccessImpl.doIntersectionPrivilege(Unknown Source) ~[?:1.8.0_202]
	at java.awt.EventQueue.dispatchEvent(Unknown Source) ~[?:1.8.0_202]
	at java.awt.EventDispatchThread.pumpOneEventForFilters(Unknown Source) ~[?:1.8.0_202]
	at java.awt.EventDispatchThread.pumpEventsForFilter(Unknown Source) ~[?:1.8.0_202]
	at java.awt.EventDispatchThread.pumpEventsForFilter(Unknown Source) ~[?:1.8.0_202]
	at java.awt.WaitDispatchSupport$2.run(Unknown Source) ~[?:1.8.0_202]
	at java.awt.WaitDispatchSupport$4.run(Unknown Source) ~[?:1.8.0_202]
	at java.awt.WaitDispatchSupport$4.run(Unknown Source) ~[?:1.8.0_202]
	at java.security.AccessController.doPrivileged(Native Method) ~[?:1.8.0_202]
	at java.awt.WaitDispatchSupport.enter(Unknown Source) ~[?:1.8.0_202]
	at java.awt.Dialog.show(Unknown Source) ~[?:1.8.0_202]
	at java.awt.Component.show(Unknown Source) ~[?:1.8.0_202]
	at java.awt.Component.setVisible(Unknown Source) ~[?:1.8.0_202]
	at java.awt.Window.setVisible(Unknown Source) ~[?:1.8.0_202]
	at java.awt.Dialog.setVisible(Unknown Source) ~[?:1.8.0_202]
	at org.apache.jmeter.SplashScreen.lambda$showScreen$0(SplashScreen.java:95) ~[ApacheJMeter_core.jar:5.4.1]
	at java.awt.event.InvocationEvent.dispatch(Unknown Source) [?:1.8.0_202]
	at java.awt.EventQueue.dispatchEventImpl(Unknown Source) [?:1.8.0_202]
	at java.awt.EventQueue.access$500(Unknown Source) [?:1.8.0_202]
	at java.awt.EventQueue$3.run(Unknown Source) [?:1.8.0_202]
	at java.awt.EventQueue$3.run(Unknown Source) [?:1.8.0_202]
	at java.security.AccessController.doPrivileged(Native Method) ~[?:1.8.0_202]
	at java.security.ProtectionDomain$JavaSecurityAccessImpl.doIntersectionPrivilege(Unknown Source) [?:1.8.0_202]
	at java.awt.EventQueue.dispatchEvent(Unknown Source) [?:1.8.0_202]
	at java.awt.EventDispatchThread.pumpOneEventForFilters(Unknown Source) [?:1.8.0_202]
	at java.awt.EventDispatchThread.pumpEventsForFilter(Unknown Source) [?:1.8.0_202]
	at java.awt.EventDispatchThread.pumpEventsForHierarchy(Unknown Source) [?:1.8.0_202]
	at java.awt.EventDispatchThread.pumpEvents(Unknown Source) [?:1.8.0_202]
	at java.awt.EventDispatchThread.pumpEvents(Unknown Source) [?:1.8.0_202]
	at java.awt.EventDispatchThread.run(Unknown Source) [?:1.8.0_202]
Caused by: java.lang.NoClassDefFoundError: org/apache/commons/httpclient/methods/RequestEntity
	at kg.apc.jmeter.reporters.LoadosophiaUploaderGui.init(LoadosophiaUploaderGui.java:114) ~[JMeterPlugins-Standard.jar:?]
	at kg.apc.jmeter.reporters.LoadosophiaUploaderGui.<init>(LoadosophiaUploaderGui.java:28) ~[JMeterPlugins-Standard.jar:?]
	... 48 more
Caused by: java.lang.ClassNotFoundException: org.apache.commons.httpclient.methods.RequestEntity
	at java.net.URLClassLoader.findClass(Unknown Source) ~[?:1.8.0_202]
	at java.lang.ClassLoader.loadClass(Unknown Source) ~[?:1.8.0_202]
	at java.lang.ClassLoader.loadClass(Unknown Source) ~[?:1.8.0_202]
	at kg.apc.jmeter.reporters.LoadosophiaUploaderGui.init(LoadosophiaUploaderGui.java:114) ~[JMeterPlugins-Standard.jar:?]
	at kg.apc.jmeter.reporters.LoadosophiaUploaderGui.<init>(LoadosophiaUploaderGui.java:28) ~[JMeterPlugins-Standard.jar:?]
	... 48 more
2023-06-06 14:43:25,455 INFO o.j.r.PluginManager: Plugins Status: [jpgc-graphs-basic=Standard, jpgc-graphs-additional=Extras, jpgc-autostop=Extras, jpgc-sense=Standard, jpgc-cmd=Standard, jpgc-graphs-composite=Standard, jpgc-csl=Standard, jpgc-functions=Standard, jpgc-casutg=Standard, jpgc-dbmon=Extras, jpgc-graphs-dist=Extras, jpgc-dummy=Standard, jpgc-filterresults=Standard, jpgc-ffw=Standard, jpgc-ggl=Extras, jpgc-httpraw=Extras, jpgc-sts=Extras, jpgc-fifo=Standard, jpgc-jmxmon=Extras, jpgc-graphs-vs=Extras, jpgc-lockfile=Extras, jpgc-mergeresults=Standard, jpgc-pde=Extras, jpgc-prmctl=Extras, jpgc-perfmon=Standard, jpgc-plugins-manager=1.8, jpgc-synthesis=Standard, jpgc-plancheck=Standard, jpgc-tst=Standard, jpgc-udp=Extras, jpgc-csvars=Extras, jpgc-wsc=Standard, jpgc-xml=Extras, jmeter-core=5.4.1, jmeter-ftp=5.4.1, jmeter-http=5.4.1, jmeter-jdbc=5.4.1, jmeter-jms=5.4.1, jmeter-junit=5.4.1, jmeter-java=5.4.1, jmeter-ldap=5.4.1, jmeter-mail=5.4.1, jmeter-mongodb=5.4.1, jmeter-native=5.4.1, jmeter-tcp=5.4.1, jmeter-components=5.4.1, jpgc-standard=2.0]
2023-06-06 14:43:25,457 INFO o.j.r.PluginManagerMenuItem: Plugins Manager has upgrades: [jpgc-plugins-manager]
2023-06-06 14:46:02,105 INFO o.a.j.g.JMeterUIDefaults: Applying font scale factor: 1.1
2023-06-06 14:46:02,305 INFO o.a.j.g.JMeterUIDefaults: Applying font scale factor: 1.21
2023-06-06 14:46:02,626 INFO o.a.j.g.JMeterUIDefaults: Applying font scale factor: 1.3310001
2023-06-06 14:46:02,743 INFO o.a.j.g.JMeterUIDefaults: Applying font scale factor: 1.4641001
2023-06-06 14:46:02,921 INFO o.a.j.g.JMeterUIDefaults: Applying font scale factor: 1.6105101
2023-06-06 14:46:03,098 INFO o.a.j.g.JMeterUIDefaults: Applying font scale factor: 1.7715611
2023-06-06 14:46:03,297 INFO o.a.j.g.JMeterUIDefaults: Applying font scale factor: 1.9487174
2023-06-06 14:46:03,469 INFO o.a.j.g.JMeterUIDefaults: Applying font scale factor: 2.143589
2023-06-06 14:46:03,598 INFO o.a.j.g.JMeterUIDefaults: Applying font scale factor: 2.357948
2023-06-06 14:46:03,799 INFO o.a.j.g.JMeterUIDefaults: Applying font scale factor: 2.5937428
2023-06-06 14:46:03,997 INFO o.a.j.g.JMeterUIDefaults: Applying font scale factor: 2.357948
2023-06-06 14:46:04,480 INFO o.a.j.g.JMeterUIDefaults: Applying font scale factor: 2.143589
2023-06-06 14:46:04,894 INFO o.a.j.g.JMeterUIDefaults: Applying font scale factor: 1.9487172
2023-06-06 14:46:18,207 INFO o.a.j.s.FileServer: Default base='C:\Myfiles\Visual_Testing'
2023-06-06 14:46:18,211 INFO o.a.j.g.a.Load: Loading file: C:\Users\Manafa-Tech\Downloads\sukuk.jmx
2023-06-06 14:46:18,211 INFO o.a.j.s.FileServer: Set new base='C:\Users\Manafa-Tech\Downloads'
2023-06-06 14:46:18,392 INFO o.a.j.s.SaveService: Testplan (JMX) version: 2.2. Testlog (JTL) version: 2.2
2023-06-06 14:46:18,412 INFO o.a.j.s.SaveService: Using SaveService properties file encoding UTF-8
2023-06-06 14:46:18,413 INFO o.a.j.s.SaveService: Using SaveService properties version 5.0
2023-06-06 14:46:18,415 INFO o.a.j.s.SaveService: Loading file: C:\Users\Manafa-Tech\Downloads\sukuk.jmx
2023-06-06 14:46:18,585 INFO o.a.j.p.h.c.CookieManager: Settings: Delete null: true Check: true Allow variable: true Save: false Prefix: COOKIE_
2023-06-06 14:46:18,586 INFO o.a.j.p.h.c.CacheManager: Will only cache the following methods: [GET]
2023-06-06 14:46:18,591 INFO o.a.j.p.h.s.HTTPSamplerBase: Parser for text/html is org.apache.jmeter.protocol.http.parser.LagartoBasedHtmlParser
2023-06-06 14:46:18,591 INFO o.a.j.p.h.s.HTTPSamplerBase: Parser for application/xhtml+xml is org.apache.jmeter.protocol.http.parser.LagartoBasedHtmlParser
2023-06-06 14:46:18,591 INFO o.a.j.p.h.s.HTTPSamplerBase: Parser for application/xml is org.apache.jmeter.protocol.http.parser.LagartoBasedHtmlParser
2023-06-06 14:46:18,591 INFO o.a.j.p.h.s.HTTPSamplerBase: Parser for text/xml is org.apache.jmeter.protocol.http.parser.LagartoBasedHtmlParser
2023-06-06 14:46:18,591 INFO o.a.j.p.h.s.HTTPSamplerBase: Parser for text/vnd.wap.wml is org.apache.jmeter.protocol.http.parser.RegexpHTMLParser
2023-06-06 14:46:18,591 INFO o.a.j.p.h.s.HTTPSamplerBase: Parser for text/css is org.apache.jmeter.protocol.http.parser.CssParser
2023-06-06 14:46:18,845 INFO o.a.j.s.FileServer: Set new base='C:\Users\Manafa-Tech\Downloads'
2023-06-06 14:49:09,784 INFO o.a.j.s.SampleResult: Note: Sample TimeStamps are START times
2023-06-06 14:49:09,784 INFO o.a.j.s.SampleResult: sampleresult.default.encoding is set to ISO-8859-1
2023-06-06 14:49:09,784 INFO o.a.j.s.SampleResult: sampleresult.useNanoTime=true
2023-06-06 14:49:09,784 INFO o.a.j.s.SampleResult: sampleresult.nanoThreadSleep=5000
2023-06-06 14:51:42,508 INFO o.a.j.e.StandardJMeterEngine: Running the test!
2023-06-06 14:51:42,509 INFO o.a.j.s.SampleEvent: List of sample_variables: []
2023-06-06 14:51:42,510 INFO o.a.j.s.SampleEvent: List of sample_variables: []
2023-06-06 14:51:42,511 INFO o.a.j.e.u.CompoundVariable: Note: Function class names must contain the string: '.functions.'
2023-06-06 14:51:42,511 INFO o.a.j.e.u.CompoundVariable: Note: Function class names must not contain the string: '.gui.'
2023-06-06 14:51:42,790 INFO o.a.j.g.u.JMeterMenuBar: setRunning(true, *local*)
2023-06-06 14:51:42,931 INFO o.a.j.e.StandardJMeterEngine: Starting ThreadGroup: 1 : Thread Group
2023-06-06 14:51:42,931 INFO o.a.j.e.StandardJMeterEngine: Starting 1 threads for group Thread Group.
2023-06-06 14:51:42,931 INFO o.a.j.e.StandardJMeterEngine: Thread will continue on error
2023-06-06 14:51:42,932 INFO o.a.j.t.ThreadGroup: Starting thread group... number=1 threads=1 ramp-up=1 delayedStart=false
2023-06-06 14:51:42,937 INFO o.a.j.t.ThreadGroup: Started thread group number 1
2023-06-06 14:51:42,937 INFO o.a.j.e.StandardJMeterEngine: All thread groups have been started
2023-06-06 14:51:42,942 INFO o.a.j.t.JMeterThread: Thread started: Thread Group 1-1
2023-06-06 14:51:42,951 INFO o.a.j.p.h.s.HTTPHCAbstractImpl: Local host = DESKTOP-HSU1THO
2023-06-06 14:51:42,956 INFO o.a.j.p.h.s.HTTPHC4Impl: HTTP request retry count = 0
2023-06-06 14:51:43,000 INFO o.a.j.p.h.s.h.LazyLayeredConnectionSocketFactory: Setting up HTTPS TrustAll Socket Factory
2023-06-06 14:51:43,002 INFO o.a.j.u.JsseSSLManager: Using default SSL protocol: TLS
2023-06-06 14:51:43,002 INFO o.a.j.u.JsseSSLManager: SSL session context: per-thread
2023-06-06 14:51:43,107 INFO o.a.j.u.SSLManager: JmeterKeyStore Location:  type JKS
2023-06-06 14:51:43,108 INFO o.a.j.u.SSLManager: KeyStore created OK
2023-06-06 14:51:43,108 WARN o.a.j.u.SSLManager: Keystore file not found, loading empty keystore
2023-06-06 14:51:48,210 INFO o.a.j.t.JMeterThread: Thread is done: Thread Group 1-1
2023-06-06 14:51:48,211 INFO o.a.j.t.JMeterThread: Thread finished: Thread Group 1-1
2023-06-06 14:51:48,213 INFO o.a.j.e.StandardJMeterEngine: Notifying test listeners of end of test
2023-06-06 14:51:48,213 INFO o.a.j.g.u.JMeterMenuBar: setRunning(false, *local*)
2023-06-06 14:53:00,168 INFO o.a.j.e.StandardJMeterEngine: Running the test!
2023-06-06 14:53:00,169 INFO o.a.j.s.SampleEvent: List of sample_variables: []
2023-06-06 14:53:00,172 INFO o.a.j.g.u.JMeterMenuBar: setRunning(true, *local*)
2023-06-06 14:53:00,183 INFO o.a.j.e.StandardJMeterEngine: Starting ThreadGroup: 1 : Thread Group
2023-06-06 14:53:00,183 INFO o.a.j.e.StandardJMeterEngine: Starting 1 threads for group Thread Group.
2023-06-06 14:53:00,184 INFO o.a.j.e.StandardJMeterEngine: Thread will continue on error
2023-06-06 14:53:00,184 INFO o.a.j.t.ThreadGroup: Starting thread group... number=1 threads=1 ramp-up=1 delayedStart=false
2023-06-06 14:53:00,188 INFO o.a.j.t.ThreadGroup: Started thread group number 1
2023-06-06 14:53:00,189 INFO o.a.j.e.StandardJMeterEngine: All thread groups have been started
2023-06-06 14:53:00,190 INFO o.a.j.t.JMeterThread: Thread started: Thread Group 1-1
2023-06-06 14:53:03,366 INFO o.a.j.g.a.Start: Stopping test
2023-06-06 14:53:03,391 INFO o.a.j.t.JMeterThread: Stopping: Thread Group 1-1
2023-06-06 14:53:03,392 WARN o.a.j.t.JMeterThread: Interrupting: Thread Group 1-1 sampler: documents-qualified-company
2023-06-06 14:53:03,394 INFO o.a.j.t.JMeterThread: Thread finished: Thread Group 1-1
2023-06-06 14:53:03,395 INFO o.a.j.e.StandardJMeterEngine: Notifying test listeners of end of test
2023-06-06 14:53:03,396 INFO o.a.j.g.u.JMeterMenuBar: setRunning(false, *local*)
2023-06-06 14:53:11,168 INFO o.a.j.e.StandardJMeterEngine: Running the test!
2023-06-06 14:53:11,169 INFO o.a.j.s.SampleEvent: List of sample_variables: []
2023-06-06 14:53:11,171 INFO o.a.j.g.u.JMeterMenuBar: setRunning(true, *local*)
2023-06-06 14:53:11,179 INFO o.a.j.e.StandardJMeterEngine: Starting ThreadGroup: 1 : Thread Group
2023-06-06 14:53:11,181 INFO o.a.j.e.StandardJMeterEngine: Starting 1 threads for group Thread Group.
2023-06-06 14:53:11,181 INFO o.a.j.e.StandardJMeterEngine: Thread will continue on error
2023-06-06 14:53:11,181 INFO o.a.j.t.ThreadGroup: Starting thread group... number=1 threads=1 ramp-up=1 delayedStart=false
2023-06-06 14:53:11,182 INFO o.a.j.t.ThreadGroup: Started thread group number 1
2023-06-06 14:53:11,182 INFO o.a.j.e.StandardJMeterEngine: All thread groups have been started
2023-06-06 14:53:11,183 INFO o.a.j.t.JMeterThread: Thread started: Thread Group 1-1
2023-06-06 14:53:15,993 INFO o.a.j.t.JMeterThread: Thread is done: Thread Group 1-1
2023-06-06 14:53:15,993 INFO o.a.j.t.JMeterThread: Thread finished: Thread Group 1-1
2023-06-06 14:53:15,994 INFO o.a.j.e.StandardJMeterEngine: Notifying test listeners of end of test
2023-06-06 14:53:15,994 INFO o.a.j.g.u.JMeterMenuBar: setRunning(false, *local*)
2023-06-06 14:54:35,633 INFO o.a.j.e.StandardJMeterEngine: Running the test!
2023-06-06 14:54:35,633 INFO o.a.j.s.SampleEvent: List of sample_variables: []
2023-06-06 14:54:35,635 INFO o.a.j.g.u.JMeterMenuBar: setRunning(true, *local*)
2023-06-06 14:54:35,650 INFO o.a.j.e.StandardJMeterEngine: Starting ThreadGroup: 1 : Thread Group
2023-06-06 14:54:35,650 INFO o.a.j.e.StandardJMeterEngine: Starting 1 threads for group Thread Group.
2023-06-06 14:54:35,651 INFO o.a.j.e.StandardJMeterEngine: Thread will continue on error
2023-06-06 14:54:35,652 INFO o.a.j.t.ThreadGroup: Starting thread group... number=1 threads=1 ramp-up=1 delayedStart=false
2023-06-06 14:54:35,656 INFO o.a.j.t.ThreadGroup: Started thread group number 1
2023-06-06 14:54:35,656 INFO o.a.j.e.StandardJMeterEngine: All thread groups have been started
2023-06-06 14:54:35,656 INFO o.a.j.t.JMeterThread: Thread started: Thread Group 1-1
2023-06-06 14:54:39,721 ERROR o.a.j.e.j.j.JSONPostProcessor: Error processing JSON content in JSON Extractor, message: Illegal character at position 1 expected '.' or '[
2023-06-06 14:54:40,472 INFO o.a.j.t.JMeterThread: Thread is done: Thread Group 1-1
2023-06-06 14:54:40,472 INFO o.a.j.t.JMeterThread: Thread finished: Thread Group 1-1
2023-06-06 14:54:40,473 INFO o.a.j.e.StandardJMeterEngine: Notifying test listeners of end of test
2023-06-06 14:54:40,473 INFO o.a.j.g.u.JMeterMenuBar: setRunning(false, *local*)
2023-06-06 14:55:27,911 INFO o.a.j.e.StandardJMeterEngine: Running the test!
2023-06-06 14:55:27,912 INFO o.a.j.s.SampleEvent: List of sample_variables: []
2023-06-06 14:55:27,915 INFO o.a.j.g.u.JMeterMenuBar: setRunning(true, *local*)
2023-06-06 14:55:27,924 INFO o.a.j.e.StandardJMeterEngine: Starting ThreadGroup: 1 : Thread Group
2023-06-06 14:55:27,925 INFO o.a.j.e.StandardJMeterEngine: Starting 1 threads for group Thread Group.
2023-06-06 14:55:27,927 INFO o.a.j.e.StandardJMeterEngine: Thread will continue on error
2023-06-06 14:55:27,928 INFO o.a.j.t.ThreadGroup: Starting thread group... number=1 threads=1 ramp-up=1 delayedStart=false
2023-06-06 14:55:27,930 INFO o.a.j.t.ThreadGroup: Started thread group number 1
2023-06-06 14:55:27,930 INFO o.a.j.e.StandardJMeterEngine: All thread groups have been started
2023-06-06 14:55:27,931 INFO o.a.j.t.JMeterThread: Thread started: Thread Group 1-1
2023-06-06 14:55:32,226 ERROR o.a.j.e.j.j.JSONPostProcessor: Error processing JSON content in JSON Extractor, message: Illegal character at position 1 expected '.' or '[
2023-06-06 14:55:32,963 INFO o.a.j.t.JMeterThread: Thread is done: Thread Group 1-1
2023-06-06 14:55:32,964 INFO o.a.j.t.JMeterThread: Thread finished: Thread Group 1-1
2023-06-06 14:55:32,965 INFO o.a.j.e.StandardJMeterEngine: Notifying test listeners of end of test
2023-06-06 14:55:32,966 INFO o.a.j.g.u.JMeterMenuBar: setRunning(false, *local*)
2023-06-06 14:56:26,056 INFO o.a.j.e.StandardJMeterEngine: Running the test!
2023-06-06 14:56:26,057 INFO o.a.j.s.SampleEvent: List of sample_variables: []
2023-06-06 14:56:26,059 INFO o.a.j.g.u.JMeterMenuBar: setRunning(true, *local*)
2023-06-06 14:56:26,069 INFO o.a.j.e.StandardJMeterEngine: Starting ThreadGroup: 1 : Thread Group
2023-06-06 14:56:26,072 INFO o.a.j.e.StandardJMeterEngine: Starting 1 threads for group Thread Group.
2023-06-06 14:56:26,073 INFO o.a.j.e.StandardJMeterEngine: Thread will continue on error
2023-06-06 14:56:26,073 INFO o.a.j.t.ThreadGroup: Starting thread group... number=1 threads=1 ramp-up=1 delayedStart=false
2023-06-06 14:56:26,074 INFO o.a.j.t.ThreadGroup: Started thread group number 1
2023-06-06 14:56:26,074 INFO o.a.j.e.StandardJMeterEngine: All thread groups have been started
2023-06-06 14:56:26,075 INFO o.a.j.t.JMeterThread: Thread started: Thread Group 1-1
2023-06-06 14:56:31,308 INFO o.a.j.t.JMeterThread: Thread is done: Thread Group 1-1
2023-06-06 14:56:31,309 INFO o.a.j.t.JMeterThread: Thread finished: Thread Group 1-1
2023-06-06 14:56:31,310 INFO o.a.j.e.StandardJMeterEngine: Notifying test listeners of end of test
2023-06-06 14:56:31,311 INFO o.a.j.g.u.JMeterMenuBar: setRunning(false, *local*)
2023-06-06 15:21:24,155 INFO o.a.j.e.StandardJMeterEngine: Running the test!
2023-06-06 15:21:24,156 INFO o.a.j.s.SampleEvent: List of sample_variables: []
2023-06-06 15:21:24,157 INFO o.a.j.g.u.JMeterMenuBar: setRunning(true, *local*)
2023-06-06 15:21:24,300 INFO o.a.j.e.StandardJMeterEngine: Starting ThreadGroup: 1 : Thread Group
2023-06-06 15:21:24,300 INFO o.a.j.e.StandardJMeterEngine: Starting 1 threads for group Thread Group.
2023-06-06 15:21:24,300 INFO o.a.j.e.StandardJMeterEngine: Thread will continue on error
2023-06-06 15:21:24,301 INFO o.a.j.t.ThreadGroup: Starting thread group... number=1 threads=1 ramp-up=1 delayedStart=false
2023-06-06 15:21:24,302 INFO o.a.j.t.ThreadGroup: Started thread group number 1
2023-06-06 15:21:24,302 INFO o.a.j.e.StandardJMeterEngine: All thread groups have been started
2023-06-06 15:21:24,302 INFO o.a.j.t.JMeterThread: Thread started: Thread Group 1-1
2023-06-06 15:21:24,438 INFO o.a.j.t.JMeterThread: Thread is done: Thread Group 1-1
2023-06-06 15:21:24,438 INFO o.a.j.t.JMeterThread: Thread finished: Thread Group 1-1
2023-06-06 15:21:24,439 INFO o.a.j.e.StandardJMeterEngine: Notifying test listeners of end of test
2023-06-06 15:21:24,439 INFO o.a.j.g.u.JMeterMenuBar: setRunning(false, *local*)
2023-06-06 15:24:17,087 INFO o.a.j.e.StandardJMeterEngine: Running the test!
2023-06-06 15:24:17,088 INFO o.a.j.s.SampleEvent: List of sample_variables: []
2023-06-06 15:24:17,088 INFO o.a.j.g.u.JMeterMenuBar: setRunning(true, *local*)
2023-06-06 15:24:17,097 INFO o.a.j.e.StandardJMeterEngine: Starting ThreadGroup: 1 : Thread Group
2023-06-06 15:24:17,097 INFO o.a.j.e.StandardJMeterEngine: Starting 1 threads for group Thread Group.
2023-06-06 15:24:17,097 INFO o.a.j.e.StandardJMeterEngine: Thread will continue on error
2023-06-06 15:24:17,097 INFO o.a.j.t.ThreadGroup: Starting thread group... number=1 threads=1 ramp-up=1 delayedStart=false
2023-06-06 15:24:17,098 INFO o.a.j.t.ThreadGroup: Started thread group number 1
2023-06-06 15:24:17,098 INFO o.a.j.e.StandardJMeterEngine: All thread groups have been started
2023-06-06 15:24:17,099 INFO o.a.j.t.JMeterThread: Thread started: Thread Group 1-1
2023-06-06 15:24:17,106 INFO o.a.j.t.JMeterThread: Thread is done: Thread Group 1-1
2023-06-06 15:24:17,106 INFO o.a.j.t.JMeterThread: Thread finished: Thread Group 1-1
2023-06-06 15:24:17,106 INFO o.a.j.e.StandardJMeterEngine: Notifying test listeners of end of test
2023-06-06 15:24:17,107 INFO o.a.j.g.u.JMeterMenuBar: setRunning(false, *local*)
2023-06-06 15:24:38,664 INFO o.a.j.e.StandardJMeterEngine: Running the test!
2023-06-06 15:24:38,664 INFO o.a.j.s.SampleEvent: List of sample_variables: []
2023-06-06 15:24:38,665 INFO o.a.j.g.u.JMeterMenuBar: setRunning(true, *local*)
2023-06-06 15:24:38,674 INFO o.a.j.e.StandardJMeterEngine: Starting ThreadGroup: 1 : Thread Group
2023-06-06 15:24:38,675 INFO o.a.j.e.StandardJMeterEngine: Starting 1 threads for group Thread Group.
2023-06-06 15:24:38,676 INFO o.a.j.e.StandardJMeterEngine: Thread will continue on error
2023-06-06 15:24:38,677 INFO o.a.j.t.ThreadGroup: Starting thread group... number=1 threads=1 ramp-up=1 delayedStart=false
2023-06-06 15:24:38,678 INFO o.a.j.t.ThreadGroup: Started thread group number 1
2023-06-06 15:24:38,678 INFO o.a.j.e.StandardJMeterEngine: All thread groups have been started
2023-06-06 15:24:38,679 INFO o.a.j.t.JMeterThread: Thread started: Thread Group 1-1
2023-06-06 15:24:38,686 INFO o.a.j.t.JMeterThread: Thread is done: Thread Group 1-1
2023-06-06 15:24:38,686 INFO o.a.j.t.JMeterThread: Thread finished: Thread Group 1-1
2023-06-06 15:24:38,686 INFO o.a.j.e.StandardJMeterEngine: Notifying test listeners of end of test
2023-06-06 15:24:38,686 INFO o.a.j.g.u.JMeterMenuBar: setRunning(false, *local*)
2023-06-06 15:25:43,353 INFO o.a.j.e.StandardJMeterEngine: Running the test!
2023-06-06 15:25:43,354 INFO o.a.j.s.SampleEvent: List of sample_variables: []
2023-06-06 15:25:43,355 INFO o.a.j.g.u.JMeterMenuBar: setRunning(true, *local*)
2023-06-06 15:25:43,365 INFO o.a.j.e.StandardJMeterEngine: Starting ThreadGroup: 1 : Thread Group
2023-06-06 15:25:43,366 INFO o.a.j.e.StandardJMeterEngine: Starting 1 threads for group Thread Group.
2023-06-06 15:25:43,366 INFO o.a.j.e.StandardJMeterEngine: Thread will continue on error
2023-06-06 15:25:43,366 INFO o.a.j.t.ThreadGroup: Starting thread group... number=1 threads=1 ramp-up=1 delayedStart=false
2023-06-06 15:25:43,367 INFO o.a.j.t.ThreadGroup: Started thread group number 1
2023-06-06 15:25:43,367 INFO o.a.j.e.StandardJMeterEngine: All thread groups have been started
2023-06-06 15:25:43,368 INFO o.a.j.t.JMeterThread: Thread started: Thread Group 1-1
2023-06-06 15:25:43,374 INFO o.a.j.t.JMeterThread: Thread is done: Thread Group 1-1
2023-06-06 15:25:43,374 INFO o.a.j.t.JMeterThread: Thread finished: Thread Group 1-1
2023-06-06 15:25:43,374 INFO o.a.j.e.StandardJMeterEngine: Notifying test listeners of end of test
2023-06-06 15:25:43,374 INFO o.a.j.g.u.JMeterMenuBar: setRunning(false, *local*)
2023-06-06 15:26:07,122 INFO o.a.j.e.StandardJMeterEngine: Running the test!
2023-06-06 15:26:07,122 INFO o.a.j.s.SampleEvent: List of sample_variables: []
2023-06-06 15:26:07,123 INFO o.a.j.g.u.JMeterMenuBar: setRunning(true, *local*)
2023-06-06 15:26:07,131 INFO o.a.j.e.StandardJMeterEngine: Starting ThreadGroup: 1 : Thread Group
2023-06-06 15:26:07,131 INFO o.a.j.e.StandardJMeterEngine: Starting 1 threads for group Thread Group.
2023-06-06 15:26:07,131 INFO o.a.j.e.StandardJMeterEngine: Thread will continue on error
2023-06-06 15:26:07,131 INFO o.a.j.t.ThreadGroup: Starting thread group... number=1 threads=1 ramp-up=1 delayedStart=false
2023-06-06 15:26:07,132 INFO o.a.j.t.ThreadGroup: Started thread group number 1
2023-06-06 15:26:07,132 INFO o.a.j.e.StandardJMeterEngine: All thread groups have been started
2023-06-06 15:26:07,133 INFO o.a.j.t.JMeterThread: Thread started: Thread Group 1-1
2023-06-06 15:26:11,850 INFO o.a.j.t.JMeterThread: Thread is done: Thread Group 1-1
2023-06-06 15:26:11,850 INFO o.a.j.t.JMeterThread: Thread finished: Thread Group 1-1
2023-06-06 15:26:11,851 INFO o.a.j.e.StandardJMeterEngine: Notifying test listeners of end of test
2023-06-06 15:26:11,851 INFO o.a.j.g.u.JMeterMenuBar: setRunning(false, *local*)
2023-06-06 15:26:32,760 INFO o.a.j.e.StandardJMeterEngine: Running the test!
2023-06-06 15:26:32,761 INFO o.a.j.s.SampleEvent: List of sample_variables: []
2023-06-06 15:26:32,762 INFO o.a.j.g.u.JMeterMenuBar: setRunning(true, *local*)
2023-06-06 15:26:32,769 INFO o.a.j.e.StandardJMeterEngine: Starting ThreadGroup: 1 : Thread Group
2023-06-06 15:26:32,770 INFO o.a.j.e.StandardJMeterEngine: Starting 1 threads for group Thread Group.
2023-06-06 15:26:32,770 INFO o.a.j.e.StandardJMeterEngine: Thread will continue on error
2023-06-06 15:26:32,770 INFO o.a.j.t.ThreadGroup: Starting thread group... number=1 threads=1 ramp-up=1 delayedStart=false
2023-06-06 15:26:32,770 INFO o.a.j.t.ThreadGroup: Started thread group number 1
2023-06-06 15:26:32,770 INFO o.a.j.e.StandardJMeterEngine: All thread groups have been started
2023-06-06 15:26:32,771 INFO o.a.j.t.JMeterThread: Thread started: Thread Group 1-1
2023-06-06 15:26:32,777 INFO o.a.j.t.JMeterThread: Thread is done: Thread Group 1-1
2023-06-06 15:26:32,777 INFO o.a.j.t.JMeterThread: Thread finished: Thread Group 1-1
2023-06-06 15:26:32,777 INFO o.a.j.e.StandardJMeterEngine: Notifying test listeners of end of test
2023-06-06 15:26:32,777 INFO o.a.j.g.u.JMeterMenuBar: setRunning(false, *local*)
